Add Pin To Net: Unknown Pin: Pin D1-1
Add Pin To Net: Unknown Pin: Pin D1-2
Add Pin To Net: Unknown Pin: Pin D2-1
Add Pin To Net: Unknown Pin: Pin D2-2
Add Pin To Net: Unknown Pin: Pin D3-1
Add Pin To Net: Unknown Pin: Pin D3-2
Add Pin To Net: Unknown Pin: Pin D4-1
Add Pin To Net: Unknown Pin: Pin D4-2
Add Pin To Net: Unknown Pin: Pin M1-1
Add Pin To Net: Unknown Pin: Pin M1-2
Add Pin To Net: Unknown Pin: Pin M1-3
Add Pin To Net: Unknown Pin: Pin M1-4
Add Pin To Net: Unknown Pin: Pin M2-1
Add Pin To Net: Unknown Pin: Pin M2-2
Add Pin To Net: Unknown Pin: Pin M2-3
Add Pin To Net: Unknown Pin: Pin M2-4
Add Pin To Net: Unknown Pin: Pin M3-1
Add Pin To Net: Unknown Pin: Pin M3-2
Add Pin To Net: Unknown Pin: Pin M3-3
Add Pin To Net: Unknown Pin: Pin M3-4
Add Pin To Net: Unknown Pin: Pin M4-1
Add Pin To Net: Unknown Pin: Pin M4-2
Add Pin To Net: Unknown Pin: Pin M4-3
Add Pin To Net: Unknown Pin: Pin M4-4
Add Class Member: Failed to add class member : Component D1 Schottky Diode
Add Class Member: Failed to add class member : Component D2 Schottky Diode
Add Class Member: Failed to add class member : Component D3 Schottky Diode
Add Class Member: Failed to add class member : Component D4 Schottky Diode
Add Class Member: Failed to add class member : Component D? Diode
Add Class Member: Failed to add class member : Component M1 P-channel MOS1 MOSFET Shichman and Hodges Model
Add Class Member: Failed to add class member : Component M2 P-channel MOS1 MOSFET Shichman and Hodges Model
Add Class Member: Failed to add class member : Component M3 N-channel MOS1 MOSFET Shichman and Hodges Model
Add Class Member: Failed to add class member : Component M4 N-channel MOS1 MOSFET Shichman and Hodges Model
